Token funct and Position: (0, 0)
Token { and Position: (0, 0)
Token number and Position: (0, 0)
Token a and Position: (15, 0)
Token ; and Position: (0, 0)
Token number and Position: (0, 0)
Token b and Position: (16, 0)
Token ; and Position: (0, 0)
Token number and Position: (0, 0)
Token c and Position: (0, 0)
Token ; and Position: (0, 0)
Token number and Position: (0, 0)
Token bca and Position: (14, 0)
Token ; and Position: (0, 0)
Token number and Position: (0, 0)
Token acb and Position: (14, 1)
Token ; and Position: (0, 0)
Token cin and Position: (0, 0)
Token >> and Position: (0, 0)
Token a and Position: (15, 0)
Token ; and Position: (0, 0)
Token cin and Position: (0, 0)
Token >> and Position: (0, 0)
Token b and Position: (16, 0)
Token ; and Position: (0, 0)
Token cin and Position: (0, 0)
Token >> and Position: (0, 0)
Token c and Position: (0, 0)
Token ; and Position: (0, 0)
Token number and Position: (0, 0)
Token max and Position: (12, 0)
Token ; and Position: (0, 0)
Token if and Position: (0, 0)
Token ( and Position: (0, 0)
Token a and Position: (15, 0)
Token > and Position: (0, 0)
Token b and Position: (16, 0)
Token and and Position: (0, 0)
Token a and Position: (15, 0)
Token > and Position: (0, 0)
Token c and Position: (0, 0)
Token ) and Position: (0, 0)
Token { and Position: (0, 0)
Token max and Position: (12, 0)
Token = and Position: (0, 0)
Token a and Position: (15, 0)
Token ; and Position: (0, 0)
Token } and Position: (0, 0)
Token if and Position: (0, 0)
Token ( and Position: (0, 0)
Token b and Position: (16, 0)
Token > and Position: (0, 0)
Token a and Position: (15, 0)
Token and and Position: (0, 0)
Token b and Position: (16, 0)
Token > and Position: (0, 0)
Token c and Position: (0, 0)
Token ) and Position: (0, 0)
Token { and Position: (0, 0)
Token max and Position: (12, 0)
Token = and Position: (0, 0)
Token b and Position: (16, 0)
Token ; and Position: (0, 0)
Token } and Position: (0, 0)
Token if and Position: (0, 0)
Token ( and Position: (0, 0)
Token c and Position: (0, 0)
Token > and Position: (0, 0)
Token a and Position: (15, 0)
Token and and Position: (0, 0)
Token c and Position: (0, 0)
Token > and Position: (0, 0)
Token b and Position: (16, 0)
Token ) and Position: (0, 0)
Token { and Position: (0, 0)
Token max and Position: (12, 0)
Token = and Position: (0, 0)
Token c and Position: (0, 0)
Token ; and Position: (0, 0)
Token } and Position: (0, 0)
Token cout and Position: (0, 0)
Token << and Position: (0, 0)
Token max and Position: (12, 0)
Token ; and Position: (0, 0)
Token } and Position: (0, 0)
